{"/Users/miszasm/MiszaSm/Coding/fullstackopen/Part 5/BlogList/frontend/bloglist-frontend/src/components/Blog.jsx": {"path":"/Users/miszasm/MiszaSm/Coding/fullstackopen/Part 5/BlogList/frontend/bloglist-frontend/src/components/Blog.jsx","statementMap":{"0":{"start":{"line":3,"column":13},"end":{"line":36,"column":null}},"1":{"start":{"line":4,"column":22},"end":{"line":4,"column":null}},"2":{"start":{"line":6,"column":18},"end":{"line":6,"column":null}},"3":{"start":{"line":8,"column":2},"end":{"line":34,"column":null}},"4":{"start":{"line":12,"column":31},"end":{"line":12,"column":48}},"5":{"start":{"line":25,"column":35},"end":{"line":25,"column":53}},"6":{"start":{"line":29,"column":37},"end":{"line":29,"column":57}}},"fnMap":{"0":{"name":"(anonymous_0)","decl":{"start":{"line":3,"column":13},"end":{"line":3,"column":14}},"loc":{"start":{"line":3,"column":59},"end":{"line":36,"column":null}},"line":3},"1":{"name":"(anonymous_1)","decl":{"start":{"line":12,"column":25},"end":{"line":12,"column":31}},"loc":{"start":{"line":12,"column":31},"end":{"line":12,"column":48}},"line":12},"2":{"name":"(anonymous_2)","decl":{"start":{"line":25,"column":29},"end":{"line":25,"column":35}},"loc":{"start":{"line":25,"column":35},"end":{"line":25,"column":53}},"line":25},"3":{"name":"(anonymous_3)","decl":{"start":{"line":29,"column":31},"end":{"line":29,"column":37}},"loc":{"start":{"line":29,"column":37},"end":{"line":29,"column":57}},"line":29}},"branchMap":{"0":{"loc":{"start":{"line":6,"column":18},"end":{"line":6,"column":null}},"type":"binary-expr","locations":[{"start":{"line":6,"column":18},"end":{"line":6,"column":26}},{"start":{"line":6,"column":26},"end":{"line":6,"column":39}},{"start":{"line":6,"column":39},"end":{"line":6,"column":null}}],"line":6},"1":{"loc":{"start":{"line":12,"column":48},"end":{"line":12,"column":71}},"type":"cond-expr","locations":[{"start":{"line":12,"column":55},"end":{"line":12,"column":64}},{"start":{"line":12,"column":64},"end":{"line":12,"column":71}}],"line":12},"2":{"loc":{"start":{"line":15,"column":7},"end":{"line":32,"column":null}},"type":"binary-expr","locations":[{"start":{"line":15,"column":7},"end":{"line":15,"column":null}},{"start":{"line":16,"column":8},"end":{"line":32,"column":null}}],"line":15},"3":{"loc":{"start":{"line":28,"column":13},"end":{"line":29,"column":null}},"type":"binary-expr","locations":[{"start":{"line":28,"column":13},"end":{"line":28,"column":null}},{"start":{"line":29,"column":14},"end":{"line":29,"column":null}}],"line":28}},"s":{"0":1,"1":5,"2":5,"3":5,"4":2,"5":2,"6":0},"f":{"0":5,"1":2,"2":2,"3":0},"b":{"0":[5,5,5],"1":[2,3],"2":[5,2],"3":[2,2]},"meta":{"lastBranch":4,"lastFunction":4,"lastStatement":7,"seen":{"s:3:13:36:Infinity":0,"f:3:13:3:14":0,"s:4:22:4:Infinity":1,"s:6:18:6:Infinity":2,"b:6:18:6:26:6:26:6:39:6:39:6:Infinity":0,"s:8:2:34:Infinity":3,"f:12:25:12:31":1,"s:12:31:12:48":4,"b:12:55:12:64:12:64:12:71":1,"b:15:7:15:Infinity:16:8:32:Infinity":2,"f:25:29:25:35":2,"s:25:35:25:53":5,"b:28:13:28:Infinity:29:14:29:Infinity":3,"f:29:31:29:37":3,"s:29:37:29:57":6},"fnNames":{}}}
,"/Users/miszasm/MiszaSm/Coding/fullstackopen/Part 5/BlogList/frontend/bloglist-frontend/src/components/BlogForm.jsx": {"path":"/Users/miszasm/MiszaSm/Coding/fullstackopen/Part 5/BlogList/frontend/bloglist-frontend/src/components/BlogForm.jsx","statementMap":{"0":{"start":{"line":3,"column":17},"end":{"line":63,"column":null}},"1":{"start":{"line":4,"column":24},"end":{"line":4,"column":null}},"2":{"start":{"line":5,"column":26},"end":{"line":5,"column":null}},"3":{"start":{"line":6,"column":20},"end":{"line":6,"column":null}},"4":{"start":{"line":8,"column":18},"end":{"line":20,"column":null}},"5":{"start":{"line":9,"column":4},"end":{"line":9,"column":null}},"6":{"start":{"line":11,"column":4},"end":{"line":15,"column":null}},"7":{"start":{"line":17,"column":4},"end":{"line":17,"column":null}},"8":{"start":{"line":18,"column":4},"end":{"line":18,"column":null}},"9":{"start":{"line":19,"column":4},"end":{"line":19,"column":null}},"10":{"start":{"line":22,"column":2},"end":{"line":61,"column":null}},"11":{"start":{"line":33,"column":29},"end":{"line":33,"column":null}},"12":{"start":{"line":44,"column":29},"end":{"line":44,"column":null}},"13":{"start":{"line":55,"column":29},"end":{"line":55,"column":null}}},"fnMap":{"0":{"name":"(anonymous_0)","decl":{"start":{"line":3,"column":17},"end":{"line":3,"column":18}},"loc":{"start":{"line":3,"column":37},"end":{"line":63,"column":null}},"line":3},"1":{"name":"(anonymous_1)","decl":{"start":{"line":8,"column":18},"end":{"line":8,"column":19}},"loc":{"start":{"line":8,"column":25},"end":{"line":20,"column":null}},"line":8},"2":{"name":"(anonymous_2)","decl":{"start":{"line":33,"column":22},"end":{"line":33,"column":23}},"loc":{"start":{"line":33,"column":29},"end":{"line":33,"column":null}},"line":33},"3":{"name":"(anonymous_3)","decl":{"start":{"line":44,"column":22},"end":{"line":44,"column":23}},"loc":{"start":{"line":44,"column":29},"end":{"line":44,"column":null}},"line":44},"4":{"name":"(anonymous_4)","decl":{"start":{"line":55,"column":22},"end":{"line":55,"column":23}},"loc":{"start":{"line":55,"column":29},"end":{"line":55,"column":null}},"line":55}},"branchMap":{},"s":{"0":1,"1":47,"2":47,"3":47,"4":47,"5":1,"6":1,"7":1,"8":1,"9":1,"10":47,"11":15,"12":11,"13":19},"f":{"0":47,"1":1,"2":15,"3":11,"4":19},"b":{},"meta":{"lastBranch":0,"lastFunction":5,"lastStatement":14,"seen":{"s:3:17:63:Infinity":0,"f:3:17:3:18":0,"s:4:24:4:Infinity":1,"s:5:26:5:Infinity":2,"s:6:20:6:Infinity":3,"s:8:18:20:Infinity":4,"f:8:18:8:19":1,"s:9:4:9:Infinity":5,"s:11:4:15:Infinity":6,"s:17:4:17:Infinity":7,"s:18:4:18:Infinity":8,"s:19:4:19:Infinity":9,"s:22:2:61:Infinity":10,"f:33:22:33:23":2,"s:33:29:33:Infinity":11,"f:44:22:44:23":3,"s:44:29:44:Infinity":12,"f:55:22:55:23":4,"s:55:29:55:Infinity":13},"fnNames":{}}}
}
